<?xml version="1.0" encoding="UTF-8"?>
<testsuite name="Realizar la compra en línea de productos de tecnología" tests="8" skipped="0" failures="0" errors="0" timestamp="2022-01-05T10:12:57" hostname="22LAP5CD1346NKF" time="197.302">
  <properties/>
  <testcase name="La canasta de compras muestra los detalles del producto a comprar" classname="Realizar la compra en línea de productos de tecnología" time="19.097"/>
  <testcase name="El carrito de compras deberia visualizar la opcion Shipping Details" classname="Realizar la compra en línea de productos de tecnología" time="23.186"/>
  <testcase name="El usario deberia poder editar la Informacion de Shopping Details" classname="Realizar la compra en línea de productos de tecnología" time="32.574"/>
  <testcase name="el usuario deberia poder visulizar dos opciones de pago" classname="Realizar la compra en línea de productos de tecnología" time="20.069"/>
  <testcase name="el usuario deberia poder ver la opcion de editar tarjeta" classname="Realizar la compra en línea de productos de tecnología" time="39.005"/>
  <testcase name="el usuario deberia poder ver los datos de la tarjeta anterior" classname="Realizar la compra en línea de productos de tecnología" time="20.937"/>
  <testcase name="el usuario deberia poder ver la opcion Pay Now" classname="Realizar la compra en línea de productos de tecnología" time="20.649"/>
  <testcase name="el usuario deberia poder ver la orden de pago" classname="Realizar la compra en línea de productos de tecnología" time="21.701"/>
  <system-out><![CDATA[05:12:57.933 [Test worker] INFO net.serenitybdd.core.webdriver.driverproviders.ProvideNewDriver - Instantiating driver
05:12:57.933 [Test worker] INFO net.serenitybdd.core.webdriver.driverproviders.ProvideNewDriver - Driver capabilities: Capabilities {acceptInsecureCerts: false, acceptSslCerts: true, browserName: chrome, chrome.switches: --incognito, goog:chromeOptions: {args: [--incognito], extensions: []}, incognito: true, loggingPrefs: org.openqa.selenium.logging..., platform: ANY, version: }
05:13:08.428 [Test worker] DEBUG net.serenitybdd.core.photography.Darkroom - Opening darkroom
05:13:08.429 [Darkroom Processing Line] DEBUG net.serenitybdd.core.photography.DarkroomProcessingLine - Darkroom processing line starting up
05:13:09.081 [Test worker] DEBUG net.serenitybdd.core.photography.Darkroom - Send negative for processing for C:\EJERCICIOS_BOOTCAMP\Retos\ProyectoFinal_advantageonlineshopping_7\target\site\serenity\4b64677be74c4be7fb87479d94d97fcf52c4c65cd99ca79ac7a86ea80aaa7d1f.png
05:13:09.084 [Darkroom Processing Line] DEBUG net.serenitybdd.core.photography.DarkroomProcessingLine - Processing screenshot image in /var/screenshots/screenshot-5564593193601362105
05:13:09.084 [Darkroom Processing Line] DEBUG net.serenitybdd.core.photography.DarkroomProcessingLine - Saving screenshot to C:\EJERCICIOS_BOOTCAMP\Retos\ProyectoFinal_advantageonlineshopping_7\target\site\serenity\4b64677be74c4be7fb87479d94d97fcf52c4c65cd99ca79ac7a86ea80aaa7d1f.png
05:13:12.439 [Test worker] DEBUG net.serenitybdd.core.photography.Darkroom - Send negative for processing for C:\EJERCICIOS_BOOTCAMP\Retos\ProyectoFinal_advantageonlineshopping_7\target\site\serenity\f74cd4f22aad2f4692539d9f73a64b9baebb6a53846ef99a904c19131f51b407.png
05:13:12.441 [Darkroom Processing Line] DEBUG net.serenitybdd.core.photography.DarkroomProcessingLine - Processing screenshot image in /var/screenshots/screenshot-3818957638093001349
05:13:12.442 [Darkroom Processing Line] DEBUG net.serenitybdd.core.photography.DarkroomProcessingLine - Saving screenshot to C:\EJERCICIOS_BOOTCAMP\Retos\ProyectoFinal_advantageonlineshopping_7\target\site\serenity\f74cd4f22aad2f4692539d9f73a64b9baebb6a53846ef99a904c19131f51b407.png
05:13:14.516 [Test worker] DEBUG net.serenitybdd.core.photography.Darkroom - Send negative for processing for C:\EJERCICIOS_BOOTCAMP\Retos\ProyectoFinal_advantageonlineshopping_7\target\site\serenity\7e0fc89c4bd3eeab3976a4d701d95dc5eb38c1b07204be3269abdbc3e86ff623.png
05:13:14.517 [Darkroom Processing Line] DEBUG net.serenitybdd.core.photography.DarkroomProcessingLine - Processing screenshot image in /var/screenshots/screenshot-4061994638374298715
05:13:14.517 [Darkroom Processing Line] DEBUG net.serenitybdd.core.photography.DarkroomProcessingLine - Saving screenshot to C:\EJERCICIOS_BOOTCAMP\Retos\ProyectoFinal_advantageonlineshopping_7\target\site\serenity\7e0fc89c4bd3eeab3976a4d701d95dc5eb38c1b07204be3269abdbc3e86ff623.png
05:13:16.334 [Test worker] INFO net.thucydides.core.steps.ConsoleLoggingListener - ?[92m
        __    _____ _____ ____ _____   ____   _    ____  ____  _____ ____  
  _     \ \  |_   _| ____/ ___|_   _| |  _ \ / \  / ___|/ ___|| ____|  _ \ 
 (_)_____| |   | | |  _| \___ \ | |   | |_) / _ \ \___ \\___ \|  _| | | | |
  _|_____| |   | | | |___ ___) || |   |  __/ ___ \ ___) |___) | |___| |_| |
 (_)     | |   |_| |_____|____/ |_|   |_| /_/   \_\____/|____/|_____|____/ 
        /_/                                                                

TEST PASSED: La canasta de compras muestra los detalles del producto a comprar
----------------------------------------------------------------------------?[0m
05:13:16.803 [Test worker] INFO net.serenitybdd.core.webdriver.driverproviders.ProvideNewDriver - Instantiating driver
05:13:16.803 [Test worker] INFO net.serenitybdd.core.webdriver.driverproviders.ProvideNewDriver - Driver capabilities: Capabilities {acceptInsecureCerts: false, acceptSslCerts: true, browserName: chrome, chrome.switches: --incognito, goog:chromeOptions: {args: [--incognito], extensions: []}, incognito: true, loggingPrefs: org.openqa.selenium.logging..., platform: ANY, version: }
05:13:29.898 [Test worker] DEBUG net.serenitybdd.core.photography.Darkroom - Send negative for processing for C:\EJERCICIOS_BOOTCAMP\Retos\ProyectoFinal_advantageonlineshopping_7\target\site\serenity\4b64677be74c4be7fb87479d94d97fcf52c4c65cd99ca79ac7a86ea80aaa7d1f.png
05:13:33.284 [Test worker] DEBUG net.serenitybdd.core.photography.Darkroom - Send negative for processing for C:\EJERCICIOS_BOOTCAMP\Retos\ProyectoFinal_advantageonlineshopping_7\target\site\serenity\80a97288993c663bd8b05907c9be39cb8b4991dfb8448a8149dfa9ff0e5d6da4.png
05:13:33.286 [Darkroom Processing Line] DEBUG net.serenitybdd.core.photography.DarkroomProcessingLine - Processing screenshot image in /var/screenshots/screenshot-6867897540985768270
05:13:33.286 [Darkroom Processing Line] DEBUG net.serenitybdd.core.photography.DarkroomProcessingLine - Saving screenshot to C:\EJERCICIOS_BOOTCAMP\Retos\ProyectoFinal_advantageonlineshopping_7\target\site\serenity\80a97288993c663bd8b05907c9be39cb8b4991dfb8448a8149dfa9ff0e5d6da4.png
05:13:35.584 [Test worker] DEBUG net.serenitybdd.core.photography.Darkroom - Send negative for processing for C:\EJERCICIOS_BOOTCAMP\Retos\ProyectoFinal_advantageonlineshopping_7\target\site\serenity\c2c6a963ed82248db2a83dc66fabd8a61a81b7e2c227a3e6d2a93dfb64d75009.png
05:13:35.586 [Darkroom Processing Line] DEBUG net.serenitybdd.core.photography.DarkroomProcessingLine - Processing screenshot image in /var/screenshots/screenshot-5794154580648213864
05:13:35.586 [Darkroom Processing Line] DEBUG net.serenitybdd.core.photography.DarkroomProcessingLine - Saving screenshot to C:\EJERCICIOS_BOOTCAMP\Retos\ProyectoFinal_advantageonlineshopping_7\target\site\serenity\c2c6a963ed82248db2a83dc66fabd8a61a81b7e2c227a3e6d2a93dfb64d75009.png
05:13:37.448 [Test worker] DEBUG net.serenitybdd.core.photography.Darkroom - Send negative for processing for C:\EJERCICIOS_BOOTCAMP\Retos\ProyectoFinal_advantageonlineshopping_7\target\site\serenity\5473cd05623fd935a3fa9cfdc43b974d2a941b70ce0f2c5b1de7122d37f4c24a.png
05:13:37.450 [Darkroom Processing Line] DEBUG net.serenitybdd.core.photography.DarkroomProcessingLine - Processing screenshot image in /var/screenshots/screenshot-963314954522256948
05:13:37.450 [Darkroom Processing Line] DEBUG net.serenitybdd.core.photography.DarkroomProcessingLine - Saving screenshot to C:\EJERCICIOS_BOOTCAMP\Retos\ProyectoFinal_advantageonlineshopping_7\target\site\serenity\5473cd05623fd935a3fa9cfdc43b974d2a941b70ce0f2c5b1de7122d37f4c24a.png
05:13:39.596 [Test worker] INFO net.thucydides.core.steps.ConsoleLoggingListener - ?[92m
        __    _____ _____ ____ _____   ____   _    ____  ____  _____ ____  
  _     \ \  |_   _| ____/ ___|_   _| |  _ \ / \  / ___|/ ___|| ____|  _ \ 
 (_)_____| |   | | |  _| \___ \ | |   | |_) / _ \ \___ \\___ \|  _| | | | |
  _|_____| |   | | | |___ ___) || |   |  __/ ___ \ ___) |___) | |___| |_| |
 (_)     | |   |_| |_____|____/ |_|   |_| /_/   \_\____/|____/|_____|____/ 
        /_/                                                                

TEST PASSED: El carrito de compras deberia visualizar la opcion Shipping Details
----------------------------------------------------------------------------?[0m
05:13:39.797 [Test worker] INFO net.serenitybdd.core.webdriver.driverproviders.ProvideNewDriver - Instantiating driver
05:13:39.797 [Test worker] INFO net.serenitybdd.core.webdriver.driverproviders.ProvideNewDriver - Driver capabilities: Capabilities {acceptInsecureCerts: false, acceptSslCerts: true, browserName: chrome, chrome.switches: --incognito, goog:chromeOptions: {args: [--incognito], extensions: []}, incognito: true, loggingPrefs: org.openqa.selenium.logging..., platform: ANY, version: }
05:13:50.475 [Test worker] DEBUG net.serenitybdd.core.photography.Darkroom - Send negative for processing for C:\EJERCICIOS_BOOTCAMP\Retos\ProyectoFinal_advantageonlineshopping_7\target\site\serenity\4b64677be74c4be7fb87479d94d97fcf52c4c65cd99ca79ac7a86ea80aaa7d1f.png
05:13:53.496 [Test worker] DEBUG net.serenitybdd.core.photography.Darkroom - Send negative for processing for C:\EJERCICIOS_BOOTCAMP\Retos\ProyectoFinal_advantageonlineshopping_7\target\site\serenity\ab86c09f5a9142d034de5352db216d8ced45bfff8d14312b25f5e18929c665f7.png
05:13:53.497 [Darkroom Processing Line] DEBUG net.serenitybdd.core.photography.DarkroomProcessingLine - Processing screenshot image in /var/screenshots/screenshot-6391354165412223119
05:13:53.498 [Darkroom Processing Line] DEBUG net.serenitybdd.core.photography.DarkroomProcessingLine - Saving screenshot to C:\EJERCICIOS_BOOTCAMP\Retos\ProyectoFinal_advantageonlineshopping_7\target\site\serenity\ab86c09f5a9142d034de5352db216d8ced45bfff8d14312b25f5e18929c665f7.png
05:13:55.892 [Test worker] DEBUG net.serenitybdd.core.photography.Darkroom - Send negative for processing for C:\EJERCICIOS_BOOTCAMP\Retos\ProyectoFinal_advantageonlineshopping_7\target\site\serenity\8ed20d9a44fe46d80b33adf7698b45c324b870fc4b5c66eff89947577bb96532.png
05:13:55.894 [Darkroom Processing Line] DEBUG net.serenitybdd.core.photography.DarkroomProcessingLine - Processing screenshot image in /var/screenshots/screenshot-4090915672218741986
05:13:55.894 [Darkroom Processing Line] DEBUG net.serenitybdd.core.photography.DarkroomProcessingLine - Saving screenshot to C:\EJERCICIOS_BOOTCAMP\Retos\ProyectoFinal_advantageonlineshopping_7\target\site\serenity\8ed20d9a44fe46d80b33adf7698b45c324b870fc4b5c66eff89947577bb96532.png
05:14:09.505 [Test worker] DEBUG net.serenitybdd.core.photography.Darkroom - Send negative for processing for C:\EJERCICIOS_BOOTCAMP\Retos\ProyectoFinal_advantageonlineshopping_7\target\site\serenity\41793116535b57e967c71751d204c015fa4bbf0398c22e17040a20af54874ac4.png
05:14:09.507 [Darkroom Processing Line] DEBUG net.serenitybdd.core.photography.DarkroomProcessingLine - Processing screenshot image in /var/screenshots/screenshot-7799335436548801258
05:14:09.507 [Darkroom Processing Line] DEBUG net.serenitybdd.core.photography.DarkroomProcessingLine - Saving screenshot to C:\EJERCICIOS_BOOTCAMP\Retos\ProyectoFinal_advantageonlineshopping_7\target\site\serenity\41793116535b57e967c71751d204c015fa4bbf0398c22e17040a20af54874ac4.png
05:14:09.975 [Test worker] DEBUG net.serenitybdd.core.photography.Darkroom - Send negative for processing for C:\EJERCICIOS_BOOTCAMP\Retos\ProyectoFinal_advantageonlineshopping_7\target\site\serenity\41793116535b57e967c71751d204c015fa4bbf0398c22e17040a20af54874ac4.png
05:14:12.175 [Test worker] INFO net.thucydides.core.steps.ConsoleLoggingListener - ?[92m
        __    _____ _____ ____ _____   ____   _    ____  ____  _____ ____  
  _     \ \  |_   _| ____/ ___|_   _| |  _ \ / \  / ___|/ ___|| ____|  _ \ 
 (_)_____| |   | | |  _| \___ \ | |   | |_) / _ \ \___ \\___ \|  _| | | | |
  _|_____| |   | | | |___ ___) || |   |  __/ ___ \ ___) |___) | |___| |_| |
 (_)     | |   |_| |_____|____/ |_|   |_| /_/   \_\____/|____/|_____|____/ 
        /_/                                                                

TEST PASSED: El usario deberia poder editar la Informacion de Shopping Details
----------------------------------------------------------------------------?[0m
05:14:12.386 [Test worker] INFO net.serenitybdd.core.webdriver.driverproviders.ProvideNewDriver - Instantiating driver
05:14:12.386 [Test worker] INFO net.serenitybdd.core.webdriver.driverproviders.ProvideNewDriver - Driver capabilities: Capabilities {acceptInsecureCerts: false, acceptSslCerts: true, browserName: chrome, chrome.switches: --incognito, goog:chromeOptions: {args: [--incognito], extensions: []}, incognito: true, loggingPrefs: org.openqa.selenium.logging..., platform: ANY, version: }
05:14:22.725 [Test worker] DEBUG net.serenitybdd.core.photography.Darkroom - Send negative for processing for C:\EJERCICIOS_BOOTCAMP\Retos\ProyectoFinal_advantageonlineshopping_7\target\site\serenity\4b64677be74c4be7fb87479d94d97fcf52c4c65cd99ca79ac7a86ea80aaa7d1f.png
05:14:25.929 [Test worker] DEBUG net.serenitybdd.core.photography.Darkroom - Send negative for processing for C:\EJERCICIOS_BOOTCAMP\Retos\ProyectoFinal_advantageonlineshopping_7\target\site\serenity\1877b1847652c2bf48d4aac8ba0882bb2f5b4b6eddb5344316464a05f8874250.png
05:14:25.931 [Darkroom Processing Line] DEBUG net.serenitybdd.core.photography.DarkroomProcessingLine - Processing screenshot image in /var/screenshots/screenshot-5342963046888875989
05:14:25.931 [Darkroom Processing Line] DEBUG net.serenitybdd.core.photography.DarkroomProcessingLine - Saving screenshot to C:\EJERCICIOS_BOOTCAMP\Retos\ProyectoFinal_advantageonlineshopping_7\target\site\serenity\1877b1847652c2bf48d4aac8ba0882bb2f5b4b6eddb5344316464a05f8874250.png
05:14:29.904 [Test worker] DEBUG net.serenitybdd.core.photography.Darkroom - Send negative for processing for C:\EJERCICIOS_BOOTCAMP\Retos\ProyectoFinal_advantageonlineshopping_7\target\site\serenity\d1fb97cf52f8069ac353799f2788602a01d4039633da66bf51716ee9bfcbaaa9.png
05:14:29.906 [Darkroom Processing Line] DEBUG net.serenitybdd.core.photography.DarkroomProcessingLine - Processing screenshot image in /var/screenshots/screenshot-1111796390716643766
05:14:29.907 [Darkroom Processing Line] DEBUG net.serenitybdd.core.photography.DarkroomProcessingLine - Saving screenshot to C:\EJERCICIOS_BOOTCAMP\Retos\ProyectoFinal_advantageonlineshopping_7\target\site\serenity\d1fb97cf52f8069ac353799f2788602a01d4039633da66bf51716ee9bfcbaaa9.png
05:14:30.189 [Test worker] DEBUG net.serenitybdd.core.photography.Darkroom - Send negative for processing for C:\EJERCICIOS_BOOTCAMP\Retos\ProyectoFinal_advantageonlineshopping_7\target\site\serenity\1c197baea6229c6ca2e358a884fbbeef47733108119cdd66e9fba70b8d546e2c.png
05:14:30.192 [Darkroom Processing Line] DEBUG net.serenitybdd.core.photography.DarkroomProcessingLine - Processing screenshot image in /var/screenshots/screenshot-2893913118555205053
05:14:30.192 [Darkroom Processing Line] DEBUG net.serenitybdd.core.photography.DarkroomProcessingLine - Saving screenshot to C:\EJERCICIOS_BOOTCAMP\Retos\ProyectoFinal_advantageonlineshopping_7\target\site\serenity\1c197baea6229c6ca2e358a884fbbeef47733108119cdd66e9fba70b8d546e2c.png
05:14:32.250 [Test worker] INFO net.thucydides.core.steps.ConsoleLoggingListener - ?[92m
        __    _____ _____ ____ _____   ____   _    ____  ____  _____ ____  
  _     \ \  |_   _| ____/ ___|_   _| |  _ \ / \  / ___|/ ___|| ____|  _ \ 
 (_)_____| |   | | |  _| \___ \ | |   | |_) / _ \ \___ \\___ \|  _| | | | |
  _|_____| |   | | | |___ ___) || |   |  __/ ___ \ ___) |___) | |___| |_| |
 (_)     | |   |_| |_____|____/ |_|   |_| /_/   \_\____/|____/|_____|____/ 
        /_/                                                                

TEST PASSED: el usuario deberia poder visulizar dos opciones de pago
----------------------------------------------------------------------------?[0m
05:14:32.504 [Test worker] INFO net.serenitybdd.core.webdriver.driverproviders.ProvideNewDriver - Instantiating driver
05:14:32.504 [Test worker] INFO net.serenitybdd.core.webdriver.driverproviders.ProvideNewDriver - Driver capabilities: Capabilities {acceptInsecureCerts: false, acceptSslCerts: true, browserName: chrome, chrome.switches: --incognito, goog:chromeOptions: {args: [--incognito], extensions: []}, incognito: true, loggingPrefs: org.openqa.selenium.logging..., platform: ANY, version: }
05:14:43.080 [Test worker] DEBUG net.serenitybdd.core.photography.Darkroom - Send negative for processing for C:\EJERCICIOS_BOOTCAMP\Retos\ProyectoFinal_advantageonlineshopping_7\target\site\serenity\4b64677be74c4be7fb87479d94d97fcf52c4c65cd99ca79ac7a86ea80aaa7d1f.png
05:14:46.424 [Test worker] DEBUG net.serenitybdd.core.photography.Darkroom - Send negative for processing for C:\EJERCICIOS_BOOTCAMP\Retos\ProyectoFinal_advantageonlineshopping_7\target\site\serenity\a5c2eb8ee49c12a78324aaaaf324a1d306087e7c1e236cbf5b07ae6d67e4edfa.png
05:14:46.426 [Darkroom Processing Line] DEBUG net.serenitybdd.core.photography.DarkroomProcessingLine - Processing screenshot image in /var/screenshots/screenshot-4494113094961357776
05:14:46.426 [Darkroom Processing Line] DEBUG net.serenitybdd.core.photography.DarkroomProcessingLine - Saving screenshot to C:\EJERCICIOS_BOOTCAMP\Retos\ProyectoFinal_advantageonlineshopping_7\target\site\serenity\a5c2eb8ee49c12a78324aaaaf324a1d306087e7c1e236cbf5b07ae6d67e4edfa.png
05:14:50.762 [Test worker] DEBUG net.serenitybdd.core.photography.Darkroom - Send negative for processing for C:\EJERCICIOS_BOOTCAMP\Retos\ProyectoFinal_advantageonlineshopping_7\target\site\serenity\611e215fb573ce89494822ab90a498e00f96a2c304dd17d07577a010b0682481.png
05:14:50.764 [Darkroom Processing Line] DEBUG net.serenitybdd.core.photography.DarkroomProcessingLine - Processing screenshot image in /var/screenshots/screenshot-2300073127311711430
05:14:50.764 [Darkroom Processing Line] DEBUG net.serenitybdd.core.photography.DarkroomProcessingLine - Saving screenshot to C:\EJERCICIOS_BOOTCAMP\Retos\ProyectoFinal_advantageonlineshopping_7\target\site\serenity\611e215fb573ce89494822ab90a498e00f96a2c304dd17d07577a010b0682481.png
05:15:09.184 [Test worker] DEBUG net.serenitybdd.core.photography.Darkroom - Send negative for processing for C:\EJERCICIOS_BOOTCAMP\Retos\ProyectoFinal_advantageonlineshopping_7\target\site\serenity\a8fd8a76bc3970864ac00e463b96204e5212860257d5f9ee34f9ab633c72cf93.png
05:15:09.187 [Darkroom Processing Line] DEBUG net.serenitybdd.core.photography.DarkroomProcessingLine - Processing screenshot image in /var/screenshots/screenshot-5622412591755552193
05:15:09.187 [Darkroom Processing Line] DEBUG net.serenitybdd.core.photography.DarkroomProcessingLine - Saving screenshot to C:\EJERCICIOS_BOOTCAMP\Retos\ProyectoFinal_advantageonlineshopping_7\target\site\serenity\a8fd8a76bc3970864ac00e463b96204e5212860257d5f9ee34f9ab633c72cf93.png
05:15:11.259 [Test worker] INFO net.thucydides.core.steps.ConsoleLoggingListener - ?[92m
        __    _____ _____ ____ _____   ____   _    ____  ____  _____ ____  
  _     \ \  |_   _| ____/ ___|_   _| |  _ \ / \  / ___|/ ___|| ____|  _ \ 
 (_)_____| |   | | |  _| \___ \ | |   | |_) / _ \ \___ \\___ \|  _| | | | |
  _|_____| |   | | | |___ ___) || |   |  __/ ___ \ ___) |___) | |___| |_| |
 (_)     | |   |_| |_____|____/ |_|   |_| /_/   \_\____/|____/|_____|____/ 
        /_/                                                                

TEST PASSED: el usuario deberia poder ver la opcion de editar tarjeta
----------------------------------------------------------------------------?[0m
05:15:11.463 [Test worker] INFO net.serenitybdd.core.webdriver.driverproviders.ProvideNewDriver - Instantiating driver
05:15:11.463 [Test worker] INFO net.serenitybdd.core.webdriver.driverproviders.ProvideNewDriver - Driver capabilities: Capabilities {acceptInsecureCerts: false, acceptSslCerts: true, browserName: chrome, chrome.switches: --incognito, goog:chromeOptions: {args: [--incognito], extensions: []}, incognito: true, loggingPrefs: org.openqa.selenium.logging..., platform: ANY, version: }
05:15:21.667 [Test worker] DEBUG net.serenitybdd.core.photography.Darkroom - Send negative for processing for C:\EJERCICIOS_BOOTCAMP\Retos\ProyectoFinal_advantageonlineshopping_7\target\site\serenity\4b64677be74c4be7fb87479d94d97fcf52c4c65cd99ca79ac7a86ea80aaa7d1f.png
05:15:24.986 [Test worker] DEBUG net.serenitybdd.core.photography.Darkroom - Send negative for processing for C:\EJERCICIOS_BOOTCAMP\Retos\ProyectoFinal_advantageonlineshopping_7\target\site\serenity\57f313000a87e4882ecbc28d145ac7f31b055ed53f090bc492ea7e83b8cbf93c.png
05:15:24.988 [Darkroom Processing Line] DEBUG net.serenitybdd.core.photography.DarkroomProcessingLine - Processing screenshot image in /var/screenshots/screenshot-3741711717513000413
05:15:24.988 [Darkroom Processing Line] DEBUG net.serenitybdd.core.photography.DarkroomProcessingLine - Saving screenshot to C:\EJERCICIOS_BOOTCAMP\Retos\ProyectoFinal_advantageonlineshopping_7\target\site\serenity\57f313000a87e4882ecbc28d145ac7f31b055ed53f090bc492ea7e83b8cbf93c.png
05:15:29.219 [Test worker] DEBUG net.serenitybdd.core.photography.Darkroom - Send negative for processing for C:\EJERCICIOS_BOOTCAMP\Retos\ProyectoFinal_advantageonlineshopping_7\target\site\serenity\30c894e6bc1f4d8824a304f13f17c16a31c4ffe718eb8c63ced0c402dd7b5eaa.png
05:15:29.221 [Darkroom Processing Line] DEBUG net.serenitybdd.core.photography.DarkroomProcessingLine - Processing screenshot image in /var/screenshots/screenshot-7367847153045678596
05:15:29.221 [Darkroom Processing Line] DEBUG net.serenitybdd.core.photography.DarkroomProcessingLine - Saving screenshot to C:\EJERCICIOS_BOOTCAMP\Retos\ProyectoFinal_advantageonlineshopping_7\target\site\serenity\30c894e6bc1f4d8824a304f13f17c16a31c4ffe718eb8c63ced0c402dd7b5eaa.png
05:15:29.591 [Test worker] DEBUG net.serenitybdd.core.photography.Darkroom - Send negative for processing for C:\EJERCICIOS_BOOTCAMP\Retos\ProyectoFinal_advantageonlineshopping_7\target\site\serenity\5291f34f3f85c89f641226bcfdb17f0ce274199f79d2358bc595c9afda2596ed.png
05:15:29.593 [Darkroom Processing Line] DEBUG net.serenitybdd.core.photography.DarkroomProcessingLine - Processing screenshot image in /var/screenshots/screenshot-3035252805824561535
05:15:29.593 [Darkroom Processing Line] DEBUG net.serenitybdd.core.photography.DarkroomProcessingLine - Saving screenshot to C:\EJERCICIOS_BOOTCAMP\Retos\ProyectoFinal_advantageonlineshopping_7\target\site\serenity\5291f34f3f85c89f641226bcfdb17f0ce274199f79d2358bc595c9afda2596ed.png
05:15:30.217 [Test worker] DEBUG net.serenitybdd.core.photography.Darkroom - Send negative for processing for C:\EJERCICIOS_BOOTCAMP\Retos\ProyectoFinal_advantageonlineshopping_7\target\site\serenity\8028b07a5fb46fa8be3e68be1f8a5507a2d584b8195774b7bb36264c11a703b3.png
05:15:30.218 [Darkroom Processing Line] DEBUG net.serenitybdd.core.photography.DarkroomProcessingLine - Processing screenshot image in /var/screenshots/screenshot-3101518605738268296
05:15:30.219 [Darkroom Processing Line] DEBUG net.serenitybdd.core.photography.DarkroomProcessingLine - Saving screenshot to C:\EJERCICIOS_BOOTCAMP\Retos\ProyectoFinal_advantageonlineshopping_7\target\site\serenity\8028b07a5fb46fa8be3e68be1f8a5507a2d584b8195774b7bb36264c11a703b3.png
05:15:32.202 [Test worker] INFO net.thucydides.core.steps.ConsoleLoggingListener - ?[92m
        __    _____ _____ ____ _____   ____   _    ____  ____  _____ ____  
  _     \ \  |_   _| ____/ ___|_   _| |  _ \ / \  / ___|/ ___|| ____|  _ \ 
 (_)_____| |   | | |  _| \___ \ | |   | |_) / _ \ \___ \\___ \|  _| | | | |
  _|_____| |   | | | |___ ___) || |   |  __/ ___ \ ___) |___) | |___| |_| |
 (_)     | |   |_| |_____|____/ |_|   |_| /_/   \_\____/|____/|_____|____/ 
        /_/                                                                

TEST PASSED: el usuario deberia poder ver los datos de la tarjeta anterior
----------------------------------------------------------------------------?[0m
05:15:32.419 [Test worker] INFO net.serenitybdd.core.webdriver.driverproviders.ProvideNewDriver - Instantiating driver
05:15:32.419 [Test worker] INFO net.serenitybdd.core.webdriver.driverproviders.ProvideNewDriver - Driver capabilities: Capabilities {acceptInsecureCerts: false, acceptSslCerts: true, browserName: chrome, chrome.switches: --incognito, goog:chromeOptions: {args: [--incognito], extensions: []}, incognito: true, loggingPrefs: org.openqa.selenium.logging..., platform: ANY, version: }
05:15:42.998 [Test worker] DEBUG net.serenitybdd.core.photography.Darkroom - Send negative for processing for C:\EJERCICIOS_BOOTCAMP\Retos\ProyectoFinal_advantageonlineshopping_7\target\site\serenity\4b64677be74c4be7fb87479d94d97fcf52c4c65cd99ca79ac7a86ea80aaa7d1f.png
05:15:46.223 [Test worker] DEBUG net.serenitybdd.core.photography.Darkroom - Send negative for processing for C:\EJERCICIOS_BOOTCAMP\Retos\ProyectoFinal_advantageonlineshopping_7\target\site\serenity\7cea5c009e7d12dd80f35a9fcbbb74083a09bc0320288480af842d0af6c7f3de.png
05:15:46.226 [Darkroom Processing Line] DEBUG net.serenitybdd.core.photography.DarkroomProcessingLine - Processing screenshot image in /var/screenshots/screenshot-3925626693589876506
05:15:46.226 [Darkroom Processing Line] DEBUG net.serenitybdd.core.photography.DarkroomProcessingLine - Saving screenshot to C:\EJERCICIOS_BOOTCAMP\Retos\ProyectoFinal_advantageonlineshopping_7\target\site\serenity\7cea5c009e7d12dd80f35a9fcbbb74083a09bc0320288480af842d0af6c7f3de.png
05:15:50.585 [Test worker] DEBUG net.serenitybdd.core.photography.Darkroom - Send negative for processing for C:\EJERCICIOS_BOOTCAMP\Retos\ProyectoFinal_advantageonlineshopping_7\target\site\serenity\c58f450c98c7dbcc6565f005ae9770c963567f325cee9e47bca99b0f30858510.png
05:15:50.587 [Darkroom Processing Line] DEBUG net.serenitybdd.core.photography.DarkroomProcessingLine - Processing screenshot image in /var/screenshots/screenshot-2049811885250718076
05:15:50.588 [Darkroom Processing Line] DEBUG net.serenitybdd.core.photography.DarkroomProcessingLine - Saving screenshot to C:\EJERCICIOS_BOOTCAMP\Retos\ProyectoFinal_advantageonlineshopping_7\target\site\serenity\c58f450c98c7dbcc6565f005ae9770c963567f325cee9e47bca99b0f30858510.png
05:15:50.830 [Test worker] DEBUG net.serenitybdd.core.photography.Darkroom - Send negative for processing for C:\EJERCICIOS_BOOTCAMP\Retos\ProyectoFinal_advantageonlineshopping_7\target\site\serenity\c58f450c98c7dbcc6565f005ae9770c963567f325cee9e47bca99b0f30858510.png
05:15:52.860 [Test worker] INFO net.thucydides.core.steps.ConsoleLoggingListener - ?[92m
        __    _____ _____ ____ _____   ____   _    ____  ____  _____ ____  
  _     \ \  |_   _| ____/ ___|_   _| |  _ \ / \  / ___|/ ___|| ____|  _ \ 
 (_)_____| |   | | |  _| \___ \ | |   | |_) / _ \ \___ \\___ \|  _| | | | |
  _|_____| |   | | | |___ ___) || |   |  __/ ___ \ ___) |___) | |___| |_| |
 (_)     | |   |_| |_____|____/ |_|   |_| /_/   \_\____/|____/|_____|____/ 
        /_/                                                                

TEST PASSED: el usuario deberia poder ver la opcion Pay Now
----------------------------------------------------------------------------?[0m
05:15:53.061 [Test worker] INFO net.serenitybdd.core.webdriver.driverproviders.ProvideNewDriver - Instantiating driver
05:15:53.061 [Test worker] INFO net.serenitybdd.core.webdriver.driverproviders.ProvideNewDriver - Driver capabilities: Capabilities {acceptInsecureCerts: false, acceptSslCerts: true, browserName: chrome, chrome.switches: --incognito, goog:chromeOptions: {args: [--incognito], extensions: []}, incognito: true, loggingPrefs: org.openqa.selenium.logging..., platform: ANY, version: }
05:16:03.673 [Test worker] DEBUG net.serenitybdd.core.photography.Darkroom - Send negative for processing for C:\EJERCICIOS_BOOTCAMP\Retos\ProyectoFinal_advantageonlineshopping_7\target\site\serenity\4b64677be74c4be7fb87479d94d97fcf52c4c65cd99ca79ac7a86ea80aaa7d1f.png
05:16:07.060 [Test worker] DEBUG net.serenitybdd.core.photography.Darkroom - Send negative for processing for C:\EJERCICIOS_BOOTCAMP\Retos\ProyectoFinal_advantageonlineshopping_7\target\site\serenity\f03971fc7adf170f96c276ee226a5a8a5cda49a02ca837d349950c26accaeff5.png
05:16:07.062 [Darkroom Processing Line] DEBUG net.serenitybdd.core.photography.DarkroomProcessingLine - Processing screenshot image in /var/screenshots/screenshot-6619186336598298591
05:16:07.062 [Darkroom Processing Line] DEBUG net.serenitybdd.core.photography.DarkroomProcessingLine - Saving screenshot to C:\EJERCICIOS_BOOTCAMP\Retos\ProyectoFinal_advantageonlineshopping_7\target\site\serenity\f03971fc7adf170f96c276ee226a5a8a5cda49a02ca837d349950c26accaeff5.png
05:16:11.272 [Test worker] DEBUG net.serenitybdd.core.photography.Darkroom - Send negative for processing for C:\EJERCICIOS_BOOTCAMP\Retos\ProyectoFinal_advantageonlineshopping_7\target\site\serenity\c9ed0bbd4bcecc6e3d6e11f20e0a4ea4a731002b0e04141b45c0fce233d8c07b.png
05:16:11.274 [Darkroom Processing Line] DEBUG net.serenitybdd.core.photography.DarkroomProcessingLine - Processing screenshot image in /var/screenshots/screenshot-3986180696737585183
05:16:11.274 [Darkroom Processing Line] DEBUG net.serenitybdd.core.photography.DarkroomProcessingLine - Saving screenshot to C:\EJERCICIOS_BOOTCAMP\Retos\ProyectoFinal_advantageonlineshopping_7\target\site\serenity\c9ed0bbd4bcecc6e3d6e11f20e0a4ea4a731002b0e04141b45c0fce233d8c07b.png
05:16:11.678 [Test worker] DEBUG net.serenitybdd.core.photography.Darkroom - Send negative for processing for C:\EJERCICIOS_BOOTCAMP\Retos\ProyectoFinal_advantageonlineshopping_7\target\site\serenity\ca2be3e594ca2f606bc2a260e783812f1cb7b796d33fe81a95307df5b4da3a64.png
05:16:11.679 [Darkroom Processing Line] DEBUG net.serenitybdd.core.photography.DarkroomProcessingLine - Processing screenshot image in /var/screenshots/screenshot-1793840849571036800
05:16:11.679 [Darkroom Processing Line] DEBUG net.serenitybdd.core.photography.DarkroomProcessingLine - Saving screenshot to C:\EJERCICIOS_BOOTCAMP\Retos\ProyectoFinal_advantageonlineshopping_7\target\site\serenity\ca2be3e594ca2f606bc2a260e783812f1cb7b796d33fe81a95307df5b4da3a64.png
05:16:12.557 [Test worker] DEBUG net.serenitybdd.core.photography.Darkroom - Send negative for processing for C:\EJERCICIOS_BOOTCAMP\Retos\ProyectoFinal_advantageonlineshopping_7\target\site\serenity\e51d3dbe8d2ef87decb19942958e175aa87900b5ee52c0fc29d62eedd279a3f5.png
05:16:12.559 [Darkroom Processing Line] DEBUG net.serenitybdd.core.photography.DarkroomProcessingLine - Processing screenshot image in /var/screenshots/screenshot-5537249810061370600
05:16:12.560 [Darkroom Processing Line] DEBUG net.serenitybdd.core.photography.DarkroomProcessingLine - Saving screenshot to C:\EJERCICIOS_BOOTCAMP\Retos\ProyectoFinal_advantageonlineshopping_7\target\site\serenity\e51d3dbe8d2ef87decb19942958e175aa87900b5ee52c0fc29d62eedd279a3f5.png
05:16:14.568 [Test worker] INFO net.thucydides.core.steps.ConsoleLoggingListener - ?[92m
        __    _____ _____ ____ _____   ____   _    ____  ____  _____ ____  
  _     \ \  |_   _| ____/ ___|_   _| |  _ \ / \  / ___|/ ___|| ____|  _ \ 
 (_)_____| |   | | |  _| \___ \ | |   | |_) / _ \ \___ \\___ \|  _| | | | |
  _|_____| |   | | | |___ ___) || |   |  __/ ___ \ ___) |___) | |___| |_| |
 (_)     | |   |_| |_____|____/ |_|   |_| /_/   \_\____/|____/|_____|____/ 
        /_/                                                                

TEST PASSED: el usuario deberia poder ver la orden de pago
----------------------------------------------------------------------------?[0m
]]></system-out>
  <system-err><![CDATA[ene 05, 2022 5:12:57 AM org.openqa.selenium.remote.DesiredCapabilities chrome
INFORMACIÓN: Using `new ChromeOptions()` is preferred to `DesiredCapabilities.chrome()`
Starting ChromeDriver 96.0.4664.45 (76e4c1bb2ab4671b8beba3444e61c0f17584b2fc-refs/branch-heads/4664@{#947}) on port 16960
Only local connections are allowed.
Please see https://chromedriver.chromium.org/security-considerations for suggestions on keeping ChromeDriver safe.
ChromeDriver was started successfully.
ene 05, 2022 5:13:01 AM org.openqa.selenium.remote.ProtocolHandshake createSession
INFORMACIÓN: Detected dialect: W3C
ene 05, 2022 5:13:16 AM org.openqa.selenium.remote.DesiredCapabilities chrome
INFORMACIÓN: Using `new ChromeOptions()` is preferred to `DesiredCapabilities.chrome()`
Starting ChromeDriver 96.0.4664.45 (76e4c1bb2ab4671b8beba3444e61c0f17584b2fc-refs/branch-heads/4664@{#947}) on port 26623
Only local connections are allowed.
Please see https://chromedriver.chromium.org/security-considerations for suggestions on keeping ChromeDriver safe.
ChromeDriver was started successfully.
ene 05, 2022 5:13:20 AM org.openqa.selenium.remote.ProtocolHandshake createSession
INFORMACIÓN: Detected dialect: W3C
ene 05, 2022 5:13:39 AM org.openqa.selenium.remote.DesiredCapabilities chrome
INFORMACIÓN: Using `new ChromeOptions()` is preferred to `DesiredCapabilities.chrome()`
Starting ChromeDriver 96.0.4664.45 (76e4c1bb2ab4671b8beba3444e61c0f17584b2fc-refs/branch-heads/4664@{#947}) on port 37888
Only local connections are allowed.
Please see https://chromedriver.chromium.org/security-considerations for suggestions on keeping ChromeDriver safe.
ChromeDriver was started successfully.
ene 05, 2022 5:13:43 AM org.openqa.selenium.remote.ProtocolHandshake createSession
INFORMACIÓN: Detected dialect: W3C
ene 05, 2022 5:14:12 AM org.openqa.selenium.remote.DesiredCapabilities chrome
INFORMACIÓN: Using `new ChromeOptions()` is preferred to `DesiredCapabilities.chrome()`
Starting ChromeDriver 96.0.4664.45 (76e4c1bb2ab4671b8beba3444e61c0f17584b2fc-refs/branch-heads/4664@{#947}) on port 20421
Only local connections are allowed.
Please see https://chromedriver.chromium.org/security-considerations for suggestions on keeping ChromeDriver safe.
ChromeDriver was started successfully.
ene 05, 2022 5:14:15 AM org.openqa.selenium.remote.ProtocolHandshake createSession
INFORMACIÓN: Detected dialect: W3C
ene 05, 2022 5:14:32 AM org.openqa.selenium.remote.DesiredCapabilities chrome
INFORMACIÓN: Using `new ChromeOptions()` is preferred to `DesiredCapabilities.chrome()`
Starting ChromeDriver 96.0.4664.45 (76e4c1bb2ab4671b8beba3444e61c0f17584b2fc-refs/branch-heads/4664@{#947}) on port 48350
Only local connections are allowed.
Please see https://chromedriver.chromium.org/security-considerations for suggestions on keeping ChromeDriver safe.
ChromeDriver was started successfully.
ene 05, 2022 5:14:35 AM org.openqa.selenium.remote.ProtocolHandshake createSession
INFORMACIÓN: Detected dialect: W3C
ene 05, 2022 5:15:11 AM org.openqa.selenium.remote.DesiredCapabilities chrome
INFORMACIÓN: Using `new ChromeOptions()` is preferred to `DesiredCapabilities.chrome()`
Starting ChromeDriver 96.0.4664.45 (76e4c1bb2ab4671b8beba3444e61c0f17584b2fc-refs/branch-heads/4664@{#947}) on port 32645
Only local connections are allowed.
Please see https://chromedriver.chromium.org/security-considerations for suggestions on keeping ChromeDriver safe.
ChromeDriver was started successfully.
ene 05, 2022 5:15:14 AM org.openqa.selenium.remote.ProtocolHandshake createSession
INFORMACIÓN: Detected dialect: W3C
ene 05, 2022 5:15:32 AM org.openqa.selenium.remote.DesiredCapabilities chrome
INFORMACIÓN: Using `new ChromeOptions()` is preferred to `DesiredCapabilities.chrome()`
Starting ChromeDriver 96.0.4664.45 (76e4c1bb2ab4671b8beba3444e61c0f17584b2fc-refs/branch-heads/4664@{#947}) on port 46947
Only local connections are allowed.
Please see https://chromedriver.chromium.org/security-considerations for suggestions on keeping ChromeDriver safe.
ChromeDriver was started successfully.
ene 05, 2022 5:15:35 AM org.openqa.selenium.remote.ProtocolHandshake createSession
INFORMACIÓN: Detected dialect: W3C
ene 05, 2022 5:15:52 AM org.openqa.selenium.remote.DesiredCapabilities chrome
INFORMACIÓN: Using `new ChromeOptions()` is preferred to `DesiredCapabilities.chrome()`
Starting ChromeDriver 96.0.4664.45 (76e4c1bb2ab4671b8beba3444e61c0f17584b2fc-refs/branch-heads/4664@{#947}) on port 12540
Only local connections are allowed.
Please see https://chromedriver.chromium.org/security-considerations for suggestions on keeping ChromeDriver safe.
ChromeDriver was started successfully.
ene 05, 2022 5:15:56 AM org.openqa.selenium.remote.ProtocolHandshake createSession
INFORMACIÓN: Detected dialect: W3C
]]></system-err>
</testsuite>
